<?xml version="1.0" encoding="UTF-8"?>
<testExecutions version="1">
  <file path="C:\learning\nest\burger-builder\src\orders\orders.controller.spec.ts">
    <testCase name="Orders Controller should be defined" duration="35"/>
  </file>
  <file path="C:\learning\nest\burger-builder\src\orders\orders.service.spec.ts">
    <testCase name="OrdersService should be defined" duration="21"/>
    <testCase name="OrdersService saveOrder should call axios.post once" duration="8"/>
    <testCase name="OrdersService saveOrder should throw an HttpException on network error" duration="5"/>
    <testCase name="OrdersService getAll should call axios.get once" duration="2"/>
    <testCase name="OrdersService getAll should throw an HttpException on network error" duration="4"/>
  </file>
  <file path="C:\learning\nest\burger-builder\src\authentication\authentication.controller.spec.ts">
    <testCase name="Authentication Controller should be defined" duration="19"/>
  </file>
  <file path="C:\learning\nest\burger-builder\src\ingredients\ingredients.service.spec.ts">
    <testCase name="IngredientsService should be defined" duration="20"/>
    <testCase name="IngredientsService getAll should call axios.get once" duration="4"/>
    <testCase name="IngredientsService getAll should throw an HttpException on network error" duration="6"/>
  </file>
  <file path="C:\learning\nest\burger-builder\src\app.controller.spec.ts">
    <testCase name="AppController root should return &quot;Hello World!&quot;" duration="24"/>
  </file>
  <file path="C:\learning\nest\burger-builder\src\authentication\authentication.service.spec.ts">
    <testCase name="AuthenticationService should be defined" duration="16"/>
    <testCase name="AuthenticationService signUp should call axios.post once" duration="3"/>
    <testCase name="AuthenticationService signUp should throw an HttpException on network error" duration="5"/>
    <testCase name="AuthenticationService signIn should call axios.post once" duration="1"/>
    <testCase name="AuthenticationService signIn should throw an HttpException on network error" duration="2"/>
  </file>
  <file path="C:\learning\nest\burger-builder\src\ingredients\ingredients.controller.spec.ts">
    <testCase name="Ingredients Controller should be defined" duration="13"/>
  </file>
</testExecutions>