<?xml version="1.0" encoding="UTF-8"?>
<testExecutions version="1">
  <file path="C:\learning\nest\burger-builder\src\authentication\authentication.service.spec.ts">
    <testCase name="AuthenticationService should be defined" duration="15"/>
    <testCase name="AuthenticationService signUp should call axios.post once" duration="0"/>
    <testCase name="AuthenticationService signUp should throw an HttpException on network error" duration="0"/>
    <testCase name="AuthenticationService signIn should call axios.post once" duration="0"/>
    <testCase name="AuthenticationService signIn should throw an HttpException on network error" duration="16"/>
  </file>
</testExecutions>